<?xml version="1.0" encoding="UTF-8" ?>
<testsuite tests="4" failures="0" name="cn.itcast.dao.ProductDaoTest" time="0.005" errors="0" skipped="0">
  <properties>
[...]
</properties>
  <testcase classname="cn.itcast.dao.ProductDaoTest" name="add" time="0.005"/>
  <testcase classname="cn.itcast.dao.ProductDaoTest" name="del" time="0"/>
  <testcase classname="cn.itcast.dao.ProductDaoTest" name="edit" time="0"/>
  <testcase classname="cn.itcast.dao.ProductDaoTest" name="query" time="0"/>
</testsuite>